[2026-05-10T09:15:01.823Z] GET file:///C:/Users/sidha/Downloads/Smart-Men-s-Salon-main/Smart-Men-s-Salon-main/index.html → 200 (6ms, 100464B)
[2026-05-10T09:15:01.837Z] GET https://fonts.googleapis.com/css2?family=Inter:wght@400;500;600;700;800&family=Inter+Tight:wght@500;600;700;800;900&family=JetBrains+Mono:wght@400;500&display=swap → pending (?ms, ?B)
[2026-05-10T09:15:01.838Z] GET https://unpkg.com/react@18.3.1/umd/react.production.min.js → pending (?ms, ?B)
[2026-05-10T09:15:01.839Z] GET https://unpkg.com/react-dom@18.3.1/umd/react-dom.production.min.js → pending (?ms, ?B)
[2026-05-10T09:15:01.839Z] GET https://unpkg.com/@babel/standalone@7.29.0/babel.min.js → pending (?ms, ?B)
[2026-05-10T09:15:11.605Z] GET file:///C:/Users/sidha/Downloads/Smart-Men-s-Salon-main/Smart-Men-s-Salon-main/images/hero.png → 200 (16ms, ?B)
[2026-05-10T09:15:11.605Z] GET file:///C:/Users/sidha/Downloads/Smart-Men-s-Salon-main/Smart-Men-s-Salon-main/logo.png → 200 (18ms, ?B)
[2026-05-10T09:15:11.605Z] GET file:///C:/Users/sidha/Downloads/Smart-Men-s-Salon-main/Smart-Men-s-Salon-main/images/hair.png → 200 (20ms, ?B)
[2026-05-10T09:15:11.613Z] GET file:///C:/Users/sidha/Downloads/Smart-Men-s-Salon-main/Smart-Men-s-Salon-main/images/hair-styling.png → 200 (17ms, ?B)
[2026-05-10T09:15:11.614Z] GET file:///C:/Users/sidha/Downloads/Smart-Men-s-Salon-main/Smart-Men-s-Salon-main/images/hair-straightening.png → 200 (18ms, ?B)
[2026-05-10T09:15:11.614Z] GET file:///C:/Users/sidha/Downloads/Smart-Men-s-Salon-main/Smart-Men-s-Salon-main/images/hair-treatment.png → 200 (27ms, ?B)
[2026-05-10T09:15:11.615Z] GET file:///C:/Users/sidha/Downloads/Smart-Men-s-Salon-main/Smart-Men-s-Salon-main/images/gallery1.png → 200 (34ms, ?B)
[2026-05-10T09:15:11.615Z] GET file:///C:/Users/sidha/Downloads/Smart-Men-s-Salon-main/Smart-Men-s-Salon-main/images/gallery2.png → pending (?ms, ?B)
[2026-05-10T09:15:11.616Z] GET file:///C:/Users/sidha/Downloads/Smart-Men-s-Salon-main/Smart-Men-s-Salon-main/images/gallery3.png → pending (?ms, ?B)
[2026-05-10T09:15:11.616Z] GET file:///C:/Users/sidha/Downloads/Smart-Men-s-Salon-main/Smart-Men-s-Salon-main/images/gallery4.png → pending (?ms, ?B)
[2026-05-10T09:15:11.616Z] GET file:///C:/Users/sidha/Downloads/Smart-Men-s-Salon-main/Smart-Men-s-Salon-main/images/gallery5.png → pending (?ms, ?B)
[2026-05-10T09:15:11.616Z] GET file:///C:/Users/sidha/Downloads/Smart-Men-s-Salon-main/Smart-Men-s-Salon-main/images/package.png → pending (?ms, ?B)
[2026-05-10T09:15:11.617Z] GET file:///C:/Users/sidha/Downloads/Smart-Men-s-Salon-main/Smart-Men-s-Salon-main/images/Salon%20Exterior.png → pending (?ms, ?B)
[2026-05-10T09:15:11.617Z] GET file:///C:/Users/sidha/Downloads/Smart-Men-s-Salon-main/Smart-Men-s-Salon-main/images/clean-shave.png → pending (?ms, ?B)
[2026-05-10T09:15:11.850Z] GET https://fonts.gstatic.com/s/inter/v20/UcC73FwrK3iLTeHuS_nVMrMxCp50SjIa1ZL7.woff2 → 200 (351ms, 48256B)
[2026-05-10T09:15:11.850Z] GET https://fonts.gstatic.com/s/intertight/v9/NGSwv5HMAFg6IuGlBNMjxLsH8ag.woff2 → 200 (311ms, 44872B)
[2026-05-10T09:15:11.850Z] GET https://fonts.gstatic.com/s/jetbrainsmono/v24/tDbv2o-flEEny0FZhsfKu5WU4zr3E_BX0PnT8RD8yKwBNntkaToggR7BYRbKPxDcwg.woff2 → 200 (268ms, 31432B)
[2026-05-10T09:15:11.852Z] GET https://www.google.com/maps/embed?pb=!1m18!1m12!1m3!1d941.803144638959!2d82.5467622695607!3d19.22956506515561!2m3!1f0!2f0!3f0!3m2!1i1024!2i768!4f13.1!3m3!1m2!1s0x3a3ab7601520592f%3A0x2a3ffec6d1d73529!2sSmart%20Saloon!5e0!3m2!1sen!2sin!4v1778342471075!5m2!1sen!2sin → 200 (362ms, 2623B)
[2026-05-10T09:15:12.228Z] GET https://maps.gstatic.com/maps-api-v3/embed/js/64/12d/init_embed.js → 200 (271ms, 245782B)
[2026-05-10T09:15:12.228Z] GET https://maps.googleapis.com/maps/api/js?key=AIzaSyCmL18misQw9KdwqGaw3zHkitj8vG6QF2Y&paint_origin=&libraries=geometry,search&v=weekly&loading=async&language=en&region=in&callback=onApiLoad → 200 (231ms, 12883B)
[2026-05-10T09:15:12.465Z] GET https://maps.googleapis.com/maps-api-v3/api/js/64/12d/geometry.js → 200 (64ms, 6968B)
[2026-05-10T09:15:12.465Z] GET https://maps.googleapis.com/maps-api-v3/api/js/64/12d/search.js → 200 (100ms, 2621B)
[2026-05-10T09:15:12.466Z] GET https://maps.googleapis.com/maps-api-v3/api/js/64/12d/main.js → 200 (159ms, ?B)
[2026-05-10T09:15:12.760Z] GET https://maps.googleapis.com/maps/api/mapsjs/gen_204?csp_test=true → 200 (131ms, 3B)
[2026-05-10T09:15:12.865Z] GET https://maps.googleapis.com/maps-api-v3/api/js/64/12d/common.js → 200 (61ms, 126563B)
[2026-05-10T09:15:12.866Z] GET https://maps.googleapis.com/maps-api-v3/api/js/64/12d/util.js → 200 (123ms, 309477B)
[2026-05-10T09:15:12.866Z] GET https://maps.googleapis.com/maps-api-v3/api/js/64/12d/map.js → 200 (106ms, 81205B)
[2026-05-10T09:15:12.868Z] GET https://maps.googleapis.com/maps-api-v3/api/js/64/12d/places.js → 200 (130ms, 369229B)
[2026-05-10T09:15:12.877Z] GET https://maps.googleapis.com/maps/api/js/StaticMapService.GetMapImage?1m2&1i48942073&2i29900278&2e1&3u18&4m2&1u622&2u497&5m6&1e0&5sen&6sin&10b1&12b1&14i47083502&8e1&key=AIzaSyCmL18misQw9KdwqGaw3zHkitj8vG6QF2Y&token=106415 → 200 (182ms, 44109B)
[2026-05-10T09:15:12.887Z] GET https://maps.googleapis.com/maps-api-v3/api/js/64/12d/onion.js → 200 (90ms, 30892B)
[2026-05-10T09:15:12.887Z] GET https://maps.googleapis.com/maps-api-v3/api/js/64/12d/search_impl.js → 200 (88ms, 3568B)
[2026-05-10T09:15:13.036Z] GET https://fonts.googleapis.com/css?family=Google+Sans+Text:400&text=%E2%86%90%E2%86%92%E2%86%91%E2%86%93&lang=en → 200 (73ms, 237B)
[2026-05-10T09:15:13.036Z] GET https://fonts.googleapis.com/css?family=Roboto:300,400,500,700|Google+Sans:400,500,700|Google+Sans+Text:400,500,700&lang=en → 200 (75ms, 82653B)
[2026-05-10T09:17:08.675Z] GET file:///C:/Users/sidha/Downloads/Smart-Men-s-Salon-main/Smart-Men-s-Salon-main/index.html → 200 (4ms, 100464B)
[2026-05-10T09:17:08.699Z] GET https://fonts.googleapis.com/css2?family=Inter:wght@400;500;600;700;800&family=Inter+Tight:wght@500;600;700;800;900&family=JetBrains+Mono:wght@400;500&display=swap → 200 (11ms, 29717B)
[2026-05-10T09:17:08.699Z] GET https://unpkg.com/react@18.3.1/umd/react.production.min.js → 200 (26ms, 10751B)
[2026-05-10T09:17:08.699Z] GET https://unpkg.com/react-dom@18.3.1/umd/react-dom.production.min.js → 200 (30ms, 131835B)
[2026-05-10T09:17:08.700Z] GET https://unpkg.com/@babel/standalone@7.29.0/babel.min.js → 200 (173ms, 3137752B)
[2026-05-10T09:17:10.010Z] GET file:///C:/Users/sidha/Downloads/Smart-Men-s-Salon-main/Smart-Men-s-Salon-main/images/hero.png → 200 (3ms, 825261B)
[2026-05-10T09:17:10.010Z] GET file:///C:/Users/sidha/Downloads/Smart-Men-s-Salon-main/Smart-Men-s-Salon-main/logo.png → 200 (4ms, 210878B)
[2026-05-10T09:17:10.010Z] GET file:///C:/Users/sidha/Downloads/Smart-Men-s-Salon-main/Smart-Men-s-Salon-main/images/hair.png → 200 (5ms, 799096B)
[2026-05-10T09:17:10.011Z] GET file:///C:/Users/sidha/Downloads/Smart-Men-s-Salon-main/Smart-Men-s-Salon-main/images/hair-styling.png → 200 (6ms, 662818B)
[2026-05-10T09:17:10.011Z] GET file:///C:/Users/sidha/Downloads/Smart-Men-s-Salon-main/Smart-Men-s-Salon-main/images/hair-straightening.png → 200 (9ms, 653616B)
[2026-05-10T09:17:10.011Z] GET file:///C:/Users/sidha/Downloads/Smart-Men-s-Salon-main/Smart-Men-s-Salon-main/images/hair-treatment.png → 200 (10ms, 712324B)
[2026-05-10T09:17:10.011Z] GET file:///C:/Users/sidha/Downloads/Smart-Men-s-Salon-main/Smart-Men-s-Salon-main/images/gallery1.png → 200 (12ms, 889106B)
[2026-05-10T09:17:10.011Z] GET file:///C:/Users/sidha/Downloads/Smart-Men-s-Salon-main/Smart-Men-s-Salon-main/images/gallery2.png → 200 (14ms, 944055B)
[2026-05-10T09:17:10.011Z] GET file:///C:/Users/sidha/Downloads/Smart-Men-s-Salon-main/Smart-Men-s-Salon-main/images/gallery3.png → 200 (16ms, 707334B)
[2026-05-10T09:17:10.011Z] GET file:///C:/Users/sidha/Downloads/Smart-Men-s-Salon-main/Smart-Men-s-Salon-main/images/gallery4.png → 200 (17ms, 766501B)
[2026-05-10T09:17:10.011Z] GET file:///C:/Users/sidha/Downloads/Smart-Men-s-Salon-main/Smart-Men-s-Salon-main/images/gallery5.png → 200 (19ms, 749201B)
[2026-05-10T09:17:10.011Z] GET file:///C:/Users/sidha/Downloads/Smart-Men-s-Salon-main/Smart-Men-s-Salon-main/images/package.png → 200 (21ms, 810945B)
[2026-05-10T09:17:10.012Z] GET file:///C:/Users/sidha/Downloads/Smart-Men-s-Salon-main/Smart-Men-s-Salon-main/images/Salon%20Exterior.png → 200 (21ms, 2199829B)
[2026-05-10T09:17:10.012Z] GET file:///C:/Users/sidha/Downloads/Smart-Men-s-Salon-main/Smart-Men-s-Salon-main/images/clean-shave.png → 200 (22ms, 647825B)
[2026-05-10T09:17:10.082Z] GET https://fonts.gstatic.com/s/inter/v20/UcC73FwrK3iLTeHuS_nVMrMxCp50SjIa1ZL7.woff2 → 200 (1ms, 48256B)
[2026-05-10T09:17:10.082Z] GET https://fonts.gstatic.com/s/intertight/v9/NGSwv5HMAFg6IuGlBNMjxLsH8ag.woff2 → 200 (2ms, 44872B)
[2026-05-10T09:17:10.082Z] GET https://fonts.gstatic.com/s/jetbrainsmono/v24/tDbv2o-flEEny0FZhsfKu5WU4zr3E_BX0PnT8RD8yKwBNntkaToggR7BYRbKPxDcwg.woff2 → 200 (2ms, 31432B)
[2026-05-10T09:17:10.166Z] GET https://www.google.com/maps/embed?pb=!1m18!1m12!1m3!1d941.803144638959!2d82.5467622695607!3d19.22956506515561!2m3!1f0!2f0!3f0!3m2!1i1024!2i768!4f13.1!3m3!1m2!1s0x3a3ab7601520592f%3A0x2a3ffec6d1d73529!2sSmart%20Saloon!5e0!3m2!1sen!2sin!4v1778342471075!5m2!1sen!2sin → 200 (166ms, 2623B)
[2026-05-10T09:17:10.351Z] GET https://maps.gstatic.com/maps-api-v3/embed/js/64/12d/init_embed.js → 200 (61ms, 245782B)
[2026-05-10T09:17:10.351Z] GET https://maps.googleapis.com/maps/api/js?key=AIzaSyCmL18misQw9KdwqGaw3zHkitj8vG6QF2Y&paint_origin=&libraries=geometry,search&v=weekly&loading=async&language=en&region=in&callback=onApiLoad → 200 (60ms, 12883B)
[2026-05-10T09:17:10.412Z] GET https://maps.googleapis.com/maps-api-v3/api/js/64/12d/geometry.js → 200 (1ms, 6968B)
[2026-05-10T09:17:10.412Z] GET https://maps.googleapis.com/maps-api-v3/api/js/64/12d/search.js → 200 (3ms, 2621B)
[2026-05-10T09:17:10.412Z] GET https://maps.googleapis.com/maps-api-v3/api/js/64/12d/main.js → 200 (41ms, 300260B)
[2026-05-10T09:17:10.507Z] GET https://maps.googleapis.com/maps/api/mapsjs/gen_204?csp_test=true → pending (?ms, ?B)
[2026-05-10T09:17:10.561Z] GET https://maps.googleapis.com/maps-api-v3/api/js/64/12d/common.js → 200 (5ms, 126563B)
[2026-05-10T09:17:10.561Z] GET https://maps.googleapis.com/maps-api-v3/api/js/64/12d/util.js → 200 (9ms, ?B)
[2026-05-10T09:17:10.561Z] GET https://maps.googleapis.com/maps-api-v3/api/js/64/12d/map.js → 200 (6ms, 81205B)
[2026-05-10T09:17:10.561Z] GET https://maps.googleapis.com/maps-api-v3/api/js/64/12d/places.js → 200 (36ms, ?B)
[2026-05-10T09:17:10.565Z] GET https://maps.googleapis.com/maps/api/js/StaticMapService.GetMapImage?1m2&1i48942073&2i29900278&2e1&3u18&4m2&1u622&2u497&5m6&1e0&5sen&6sin&10b1&12b1&14i47083502&8e1&key=AIzaSyCmL18misQw9KdwqGaw3zHkitj8vG6QF2Y&token=106415 → 200 (6ms, ?B)
[2026-05-10T09:17:10.574Z] GET https://maps.googleapis.com/maps-api-v3/api/js/64/12d/onion.js → pending (?ms, ?B)
[2026-05-10T09:17:10.574Z] GET https://maps.googleapis.com/maps-api-v3/api/js/64/12d/search_impl.js → 200 (26ms, ?B)
[2026-05-10T09:17:10.644Z] GET https://fonts.googleapis.com/css?family=Google+Sans+Text:400&text=%E2%86%90%E2%86%92%E2%86%91%E2%86%93&lang=en → 200 (?ms, 237B)
[2026-05-10T09:17:10.644Z] GET https://fonts.googleapis.com/css?family=Roboto:300,400,500,700|Google+Sans:400,500,700|Google+Sans+Text:400,500,700&lang=en → 200 (2ms, 82653B)
